P	131079612794687500	2016-05-17	12:21:19	6824960	1024271	/	GunzPatcher.exe
D	130114666920025268	2013-04-26	16:18:12	228	362	/	Gunz
D	129714774600000000	2012-01-19	20:11:00	4266421	4236139	Maps	Battle
D	129714774560000000	2012-01-19	20:10:56	4356681	4151879	Maps	Halloween
D	129714774560000000	2012-01-19	20:10:56	2960346	2931533	Maps	Lost
D	129714774540000000	2012-01-19	20:10:54	3228264	3195519	Maps	prison
D	129714774540000000	2012-01-19	20:10:54	563342	556589	Maps	Shower
D	130114666920025268	2013-04-26	16:18:12	228	362	/	Gunz
D	129714774600000000	2012-01-19	20:11:00	4266421	4236139	Maps	Battle
D	129714774560000000	2012-01-19	20:10:56	4356681	4151879	Maps	Halloween
D	129714774560000000	2012-01-19	20:10:56	2960346	2931533	Maps	Lost
D	129714774540000000	2012-01-19	20:10:54	3228264	3195519	Maps	prison
D	129714774540000000	2012-01-19	20:10:54	563342	556589	Maps	Shower
D	130114666920025268	2013-04-26	16:18:12	228	362	/	Gunz
D	129714774600000000	2012-01-19	20:11:00	4266421	4236139	Maps	Battle
D	129714774560000000	2012-01-19	20:10:56	4356681	4151879	Maps	Halloween
D	129714774560000000	2012-01-19	20:10:56	2960346	2931533	Maps	Lost
D	129714774540000000	2012-01-19	20:10:54	3228264	3195519	Maps	prison
D	129714774540000000	2012-01-19	20:10:54	563342	556589	Maps	Shower
D	130114666920025268	2013-04-26	16:18:12	228	362	/	Gunz
D	129714774600000000	2012-01-19	20:11:00	4266421	4236139	Maps	Battle
D	129714774560000000	2012-01-19	20:10:56	4356681	4151879	Maps	Halloween
D	129714774560000000	2012-01-19	20:10:56	2960346	2931533	Maps	Lost
D	129714774540000000	2012-01-19	20:10:54	3228264	3195519	Maps	prison
D	129714774540000000	2012-01-19	20:10:54	563342	556589	Maps	Shower
D	130114666920025268	2013-04-26	16:18:12	228	362	/	Gunz
D	129714774600000000	2012-01-19	20:11:00	4266421	4236139	Maps	Battle
D	129714774560000000	2012-01-19	20:10:56	4356681	4151879	Maps	Halloween
D	129714774560000000	2012-01-19	20:10:56	2960346	2931533	Maps	Lost
D	129714774540000000	2012-01-19	20:10:54	3228264	3195519	Maps	prison
D	129714774540000000	2012-01-19	20:10:54	563342	556589	Maps	Shower
D	130114666920025268	2013-04-26	16:18:12	228	362	/	Gunz
D	129714774600000000	2012-01-19	20:11:00	4266421	4236139	Maps	Battle
D	129714774560000000	2012-01-19	20:10:56	4356681	4151879	Maps	Halloween
D	129714774560000000	2012-01-19	20:10:56	2960346	2931533	Maps	Lost
D	129714774540000000	2012-01-19	20:10:54	3228264	3195519	Maps	prison
D	129714774540000000	2012-01-19	20:10:54	563342	556589	Maps	Shower
D	130114666920025268	2013-04-26	16:18:12	228	362	/	Gunz
D	129714774600000000	2012-01-19	20:11:00	4266421	4236139	Maps	Battle
D	129714774560000000	2012-01-19	20:10:56	4356681	4151879	Maps	Halloween
D	129714774560000000	2012-01-19	20:10:56	2960346	2931533	Maps	Lost
D	129714774540000000	2012-01-19	20:10:54	3228264	3195519	Maps	prison
D	129714774540000000	2012-01-19	20:10:54	563342	556589	Maps	Shower
D	130114666920025268	2013-04-26	16:18:12	228	362	/	Gunz
D	129714774600000000	2012-01-19	20:11:00	4266421	4236139	Maps	Battle
D	129714774560000000	2012-01-19	20:10:56	4356681	4151879	Maps	Halloween
D	129714774560000000	2012-01-19	20:10:56	2960346	2931533	Maps	Lost
D	129714774540000000	2012-01-19	20:10:54	3228264	3195519	Maps	prison
D	129714774540000000	2012-01-19	20:10:54	563342	556589	Maps	Shower
D	130114666920025268	2013-04-26	16:18:12	228	362	/	Gunz
D	129714774600000000	2012-01-19	20:11:00	4266421	4236139	Maps	Battle
D	129714774560000000	2012-01-19	20:10:56	4356681	4151879	Maps	Halloween
D	129714774560000000	2012-01-19	20:10:56	2960346	2931533	Maps	Lost
D	129714774540000000	2012-01-19	20:10:54	3228264	3195519	Maps	prison
D	129714774540000000	2012-01-19	20:10:54	563342	556589	Maps	Shower
D	130114666920025268	2013-04-26	16:18:12	228	362	/	Gunz
D	129714774600000000	2012-01-19	20:11:00	4266421	4236139	Maps	Battle
D	129714774560000000	2012-01-19	20:10:56	4356681	4151879	Maps	Halloween
D	129714774560000000	2012-01-19	20:10:56	2960346	2931533	Maps	Lost
D	129714774540000000	2012-01-19	20:10:54	3228264	3195519	Maps	prison
D	129714774540000000	2012-01-19	20:10:54	563342	556589	Maps	Shower
D	130114666920025268	2013-04-26	16:18:12	228	362	/	Gunz
D	129714774600000000	2012-01-19	20:11:00	4266421	4236139	Maps	Battle
D	129714774560000000	2012-01-19	20:10:56	4356681	4151879	Maps	Halloween
D	129714774560000000	2012-01-19	20:10:56	2960346	2931533	Maps	Lost
D	129714774540000000	2012-01-19	20:10:54	3228264	3195519	Maps	prison
D	129714774540000000	2012-01-19	20:10:54	563342	556589	Maps	Shower
D	130114666920025268	2013-04-26	16:18:12	228	362	/	Gunz
D	129714774600000000	2012-01-19	20:11:00	4266421	4236139	Maps	Battle
D	129714774560000000	2012-01-19	20:10:56	4356681	4151879	Maps	Halloween
D	129714774560000000	2012-01-19	20:10:56	2960346	2931533	Maps	Lost
D	129714774540000000	2012-01-19	20:10:54	3228264	3195519	Maps	prison
D	129714774540000000	2012-01-19	20:10:54	563342	556589	Maps	Shower
D	130114666920025268	2013-04-26	16:18:12	228	362	/	Gunz
D	129714774600000000	2012-01-19	20:11:00	4266421	4236139	Maps	Battle
D	129714774560000000	2012-01-19	20:10:56	4356681	4151879	Maps	Halloween
D	129714774560000000	2012-01-19	20:10:56	2960346	2931533	Maps	Lost
D	129714774540000000	2012-01-19	20:10:54	3228264	3195519	Maps	prison
D	129714774540000000	2012-01-19	20:10:54	563342	556589	Maps	Shower
D	130114666920025268	2013-04-26	16:18:12	228	362	/	Gunz
D	129714774600000000	2012-01-19	20:11:00	4266421	4236139	Maps	Battle
D	129714774560000000	2012-01-19	20:10:56	4356681	4151879	Maps	Halloween
D	129714774560000000	2012-01-19	20:10:56	2960346	2931533	Maps	Lost
D	129714774540000000	2012-01-19	20:10:54	3228264	3195519	Maps	prison
D	129714774540000000	2012-01-19	20:10:54	563342	556589	Maps	Shower
Z	129714774440000000	2012-01-19	20:10:44	200704	98217	/	BAReport.exe
Z	130265908436196811	2013-10-18	17:27:23	7646208	2028767	/	bdcap32.dll
Z	130265908423286073	2013-10-18	17:27:22	283136	150065	/	bugtrap.dll
Z	129714774500000000	2012-01-19	20:10:50	3254917	3236225	ChallengeQuest/Maps	guerilla_texture.mrs
Z	129714774500000000	2012-01-19	20:10:50	1084444	1071599	ChallengeQuest/Maps	G_Easy_1.mrs
Z	129714774500000000	2012-01-19	20:10:50	630098	618769	ChallengeQuest/Maps	G_Easy_2.mrs
Z	129714774500000000	2012-01-19	20:10:50	4272623	4230062	ChallengeQuest/Maps	G_Easy_3.mrs
Z	129714774500000000	2012-01-19	20:10:50	2032272	2014155	ChallengeQuest/Maps	G_Easy_4.mrs
Z	129714774500000000	2012-01-19	20:10:50	6277790	6239243	ChallengeQuest/Maps	G_Easy_5.mrs
Z	129714774480000000	2012-01-19	20:10:48	589815	577906	ChallengeQuest/Maps	G_Easy_6.mrs
Z	129714774480000000	2012-01-19	20:10:48	4436795	4404245	ChallengeQuest/Maps	G_Hard_1.mrs
Z	129714774480000000	2012-01-19	20:10:48	1433234	1409835	ChallengeQuest/Maps	G_Hard_2.mrs
Z	129714774480000000	2012-01-19	20:10:48	1451995	1437849	ChallengeQuest/Maps	G_Hard_3.mrs
Z	129714774480000000	2012-01-19	20:10:48	489713	478637	ChallengeQuest/Maps	G_Hard_4.mrs
Z	129714774480000000	2012-01-19	20:10:48	3985781	3965863	ChallengeQuest/Maps	G_Hard_5.mrs
Z	129714774480000000	2012-01-19	20:10:48	3375769	3351457	ChallengeQuest/Maps	G_HC_1.mrs
Z	129714774480000000	2012-01-19	20:10:48	501920	488920	ChallengeQuest/Maps	G_HC_2.mrs
Z	129714774480000000	2012-01-19	20:10:48	1210701	1195007	ChallengeQuest/Maps	G_HC_3.mrs
Z	129714774480000000	2012-01-19	20:10:48	2224157	2204619	ChallengeQuest/Maps	G_HC_4.mrs
Z	129714774460000000	2012-01-19	20:10:46	1803888	1781898	ChallengeQuest/Maps	G_HC_5.mrs
Z	129714774460000000	2012-01-19	20:10:46	499166	485982	ChallengeQuest/Maps	G_HC_6.mrs
Z	129714774460000000	2012-01-19	20:10:46	1011931	992603	ChallengeQuest/Maps	G_Normal_1.mrs
Z	129714774460000000	2012-01-19	20:10:46	4316425	4290541	ChallengeQuest/Maps	G_Normal_2.mrs
Z	129714774460000000	2012-01-19	20:10:46	9955837	9894013	ChallengeQuest/Maps	G_Normal_3.mrs
Z	129714774460000000	2012-01-19	20:10:46	1169932	1152111	ChallengeQuest/Maps	G_Normal_4.mrs
Z	129714774460000000	2012-01-19	20:10:46	807780	796514	ChallengeQuest/Maps	G_Normal_5.mrs
Z	129714774460000000	2012-01-19	20:10:46	649551	637453	ChallengeQuest/Maps	G_Normal_6.mrs
Z	129714774440000000	2012-01-19	20:10:44	1153756	1149576	ChallengeQuest/Maps	research_texture.mrs
Z	129714774460000000	2012-01-19	20:10:46	4182767	4158081	ChallengeQuest/Maps	R_Boss.mrs
Z	129714774440000000	2012-01-19	20:10:44	4058419	4033072	ChallengeQuest/Maps	R_Hardcore.mrs
Z	129714774440000000	2012-01-19	20:10:44	4299829	4277541	ChallengeQuest/Maps	R_Normal.mrs
Z	129714774440000000	2012-01-19	20:10:44	3139	1410	/	config.xml
Z	129714774440000000	2012-01-19	20:10:44	813568	369883	/	dbghelp.dll
Z	129714774440000000	2012-01-19	20:10:44	537826	84288	/	filelist.xml
Z	129714774440000000	2012-01-19	20:10:44	161280	153215	/	fmod.dll
Z	129714774440000000	2012-01-19	20:10:44	1706800	968425	/	gdiplus.dll
Z	130114666920025268	2013-04-26	16:18:12	228	362	/	Gunz Ultra.url
Z	130265908435496771	2013-10-18	17:27:23	904744	890965	/	Gunz.exe
Z	130265908435856792	2013-10-18	17:27:23	392	429	/	Gunz.exe.manifest
Z	130265908449727585	2013-10-18	17:27:24	3340328	3091128	/	GunzRun.exe
Z	129714774520000000	2012-01-19	20:10:52	5808261	5660175	Interface	default.mrs
Z	129714774520000000	2012-01-19	20:10:52	12512569	12244665	Interface	loadable.mrs
Z	129714774500000000	2012-01-19	20:10:50	1188492	1171583	Interface	Login.mrs
Z	129714774500000000	2012-01-19	20:10:50	1332041	1331338	Interface	MonsterIllust.mrs
Z	129061189980000000	2009-12-24	09:03:18	7406	2524	/	Kaybo.ico
Z	130114667094975275	2013-04-26	16:18:29	219	339	/	Kaybo.url
Z	129714902060000000	2012-01-19	23:43:26	9	203	/	lastchar.dat
Z	129713721160000000	2012-01-18	14:55:16	211	366	/	Launcher.ini
Z	129319713560000000	2010-10-19	14:15:56	4222	1332	/	LauncherText.bin
Z	130265908436676839	2013-10-18	17:27:23	18221	7143	/	license.txt
Z	130180382707343750	2013-07-11	17:44:30	228139	226270	/	loading_adult.jpg
Z	129714774600000000	2012-01-19	20:11:00	4266421	4236139	Maps	Battle Arena.mrs
Z	129714774600000000	2012-01-19	20:11:00	2136653	2121224	Maps	Castle.mrs
Z	129714774580000000	2012-01-19	20:10:58	902575	887788	Maps	Catacomb.mrs
Z	129714774600000000	2012-01-19	20:11:00	17495404	17397045	Maps	Citadel.mrs
Z	129714774580000000	2012-01-19	20:10:58	7951194	7881074	Maps	Dungeon.mrs
Z	129714774580000000	2012-01-19	20:10:58	2737430	2712984	Maps	Factory.mrs
Z	129714774580000000	2012-01-19	20:10:58	2294696	2278205	Maps	Garden.mrs
Z	129714774560000000	2012-01-19	20:10:56	376620	370569	Maps	Hall.mrs
Z	129714774560000000	2012-01-19	20:10:56	4356681	4151879	Maps	Halloween Town.mrs
Z	129714774560000000	2012-01-19	20:10:56	7256843	7220106	Maps	High_Haven.mrs
Z	129714774560000000	2012-01-19	20:10:56	5294445	5254699	Maps	Island.mrs
Z	129714774560000000	2012-01-19	20:10:56	1779472	1749623	Maps	Jail.mrs
Z	129714774560000000	2012-01-19	20:10:56	2960346	2931533	Maps	Lost Shrine.mrs
Z	129714774560000000	2012-01-19	20:10:56	6305434	6277286	Maps	mansion.mrs
Z	129714774540000000	2012-01-19	20:10:54	2166184	2142060	Maps	Port.mrs
Z	129714774540000000	2012-01-19	20:10:54	3228264	3195519	Maps	prison II.mrs
Z	129714774540000000	2012-01-19	20:10:54	4724833	4686983	Maps	prison.mrs
Z	129714774540000000	2012-01-19	20:10:54	2278353	2259810	Maps	Ruin.mrs
Z	129714774540000000	2012-01-19	20:10:54	563342	556589	Maps	Shower Room.mrs
Z	129714774540000000	2012-01-19	20:10:54	4246846	4208199	Maps	Snow_Town.mrs
Z	129714774540000000	2012-01-19	20:10:54	1934405	1910131	Maps	Stairway.mrs
Z	129714774540000000	2012-01-19	20:10:54	4440866	4413153	Maps	station.mrs
Z	129714774520000000	2012-01-19	20:10:52	3364779	3347550	Maps	Town.mrs
Z	129714774520000000	2012-01-19	20:10:52	5349757	5311286	Maps	WeaponShop.mrs
Z	129714902700000000	2012-01-19	23:44:30	7611	2250	/	mlog.txt
Z	129714774660000000	2012-01-19	20:11:06	37637352	37234742	Model	man.mrs
Z	129714774680000000	2012-01-19	20:11:08	1258753	1247698	Model/NPC	assassin.mrs
Z	129714774680000000	2012-01-19	20:11:08	1206082	1193859	Model/NPC	charger.mrs
Z	129714774680000000	2012-01-19	20:11:08	934399	924992	Model/NPC	chaser.mrs
Z	129714774680000000	2012-01-19	20:11:08	1058618	1048315	Model/NPC	disposer.mrs
Z	129714774680000000	2012-01-19	20:11:08	895841	890832	Model/NPC	general.mrs
Z	129714774680000000	2012-01-19	20:11:08	2476294	2444606	Model/NPC	goblin.mrs
Z	129714774680000000	2012-01-19	20:11:08	530676	524165	Model/NPC	golem.mrs
Z	129714774680000000	2012-01-19	20:11:08	1416910	1406734	Model/NPC	hunter.mrs
Z	129714774680000000	2012-01-19	20:11:08	1344641	1335085	Model/NPC	knifeman.mrs
Z	129714774680000000	2012-01-19	20:11:08	1396020	1383142	Model/NPC	Kobolt.mrs
Z	129714774680000000	2012-01-19	20:11:08	1214876	1191969	Model/NPC	Palmpoa.mrs
Z	129714774680000000	2012-01-19	20:11:08	787937	783248	Model/NPC	psychic.mrs
Z	129714774680000000	2012-01-19	20:11:08	1321352	1311894	Model/NPC	rifleman.mrs
Z	129714774680000000	2012-01-19	20:11:08	797047	789176	Model/NPC	robot.mrs
Z	129714774660000000	2012-01-19	20:11:06	1156867	1144382	Model/NPC	shooter.mrs
Z	129714774680000000	2012-01-19	20:11:08	3402355	3365291	Model/NPC	Skeleton.mrs
Z	129714774660000000	2012-01-19	20:11:06	777908	766475	Model/NPC	tower.mrs
Z	129714774660000000	2012-01-19	20:11:06	39785648	39356030	Model	woman.mrs
Z	129714774440000000	2012-01-19	20:10:44	5853954	5773391	/	model.mrs
Z	129956631048156250	2012-10-25	18:25:04	499712	132658	/	msvcp71.dll
Z	129956631046437500	2012-10-25	18:25:04	348160	181089	/	msvcr71.dll
Z	129714774700000000	2012-01-19	20:11:10	1115888	1106011	Quest/Maps	Dungeon_cavern1.mrs
Z	129714774700000000	2012-01-19	20:11:10	2004234	1970495	Quest/Maps	Dungeon_cavern2.mrs
Z	129714774700000000	2012-01-19	20:11:10	898302	886185	Quest/Maps	Dungeon_cavern3.mrs
Z	129714774700000000	2012-01-19	20:11:10	624479	614208	Quest/Maps	Dungeon_nest1.mrs
Z	129714774700000000	2012-01-19	20:11:10	1604484	1588963	Quest/Maps	Dungeon_nest2.mrs
Z	129714774700000000	2012-01-19	20:11:10	672629	664139	Quest/Maps	Dungeon_nest3.mrs
Z	129714774700000000	2012-01-19	20:11:10	1578150	1558630	Quest/Maps	Dungeon_passage1.mrs
Z	129714774700000000	2012-01-19	20:11:10	1099565	1084915	Quest/Maps	Dungeon_passage2.mrs
Z	129714774700000000	2012-01-19	20:11:10	1454775	1436177	Quest/Maps	Dungeon_passage3.mrs
Z	129714774700000000	2012-01-19	20:11:10	658725	650729	Quest/Maps	Mansion_hall1.mrs
Z	129714774700000000	2012-01-19	20:11:10	439818	431442	Quest/Maps	Mansion_hall2.mrs
Z	129714774700000000	2012-01-19	20:11:10	624480	616222	Quest/Maps	Mansion_hall3.mrs
Z	129714774700000000	2012-01-19	20:11:10	282968	276667	Quest/Maps	Mansion_passage1.mrs
Z	129714774700000000	2012-01-19	20:11:10	484262	475884	Quest/Maps	Mansion_passage2.mrs
Z	129714774700000000	2012-01-19	20:11:10	186825	181052	Quest/Maps	Mansion_passage3.mrs
Z	129714774700000000	2012-01-19	20:11:10	520150	512075	Quest/Maps	Mansion_room1.mrs
Z	129714774700000000	2012-01-19	20:11:10	763910	753108	Quest/Maps	Mansion_room2.mrs
Z	129714774700000000	2012-01-19	20:11:10	361048	352639	Quest/Maps	Mansion_room3.mrs
Z	129714774700000000	2012-01-19	20:11:10	928992	916630	Quest/Maps	Prison_drainage1.mrs
Z	129714774700000000	2012-01-19	20:11:10	920440	905512	Quest/Maps	Prison_drainage2.mrs
Z	129714774680000000	2012-01-19	20:11:08	768069	756361	Quest/Maps	Prison_hall1.mrs
Z	129714774680000000	2012-01-19	20:11:08	1607154	1581687	Quest/Maps	Prison_hall2.mrs
Z	129714774680000000	2012-01-19	20:11:08	175691	170071	Quest/Maps	Prison_passage1.mrs
Z	129714774680000000	2012-01-19	20:11:08	466490	453297	Quest/Maps	Prison_passage2.mrs
Z	129714774680000000	2012-01-19	20:11:08	175843	170709	Quest/Maps	Prison_passage3.mrs
Z	129714774680000000	2012-01-19	20:11:08	1456031	1434331	Quest/Maps	Prison_prison.mrs
Z	129714774680000000	2012-01-19	20:11:08	809689	800826	Quest/Maps	Prison_shower_room.mrs
Z	129955748860000000	2012-10-24	17:54:46	49152	24898	/	RohanWebLauncher.dll
Z	129714774420000000	2012-01-19	20:10:42	3283294	3157245	/	sfx.mrs
Z	129714774700000000	2012-01-19	20:11:10	912	527	Shader	skin.vso
Z	129714774700000000	2012-01-19	20:11:10	1020	566	Shader	skin1.vso
Z	129714626680000000	2012-01-19	16:04:28	4286	1625	/	site.ico
Z	129714774760000000	2012-01-19	20:11:16	27720143	27695452	Sound	bgm.mrs
Z	129714774760000000	2012-01-19	20:11:16	1086665	1084421	Sound/Effect/challenge_quest	guerilla_general.mrs
Z	129714774760000000	2012-01-19	20:11:16	357918	357136	Sound/Effect/challenge_quest	guerilla_hunter.mrs
Z	129714774760000000	2012-01-19	20:11:16	310441	309453	Sound/Effect/challenge_quest	guerilla_knifeman.mrs
Z	129714774760000000	2012-01-19	20:11:16	1096725	1091824	Sound/Effect/challenge_quest	guerilla_psychic.mrs
Z	129714774760000000	2012-01-19	20:11:16	302636	302311	Sound/Effect/challenge_quest	guerilla_rifleman.mrs
Z	129714774760000000	2012-01-19	20:11:16	1733926	1726214	Sound/Effect/challenge_quest	guerilla_robot.mrs
Z	129714774760000000	2012-01-19	20:11:16	5411527	5372449	Sound/Effect/challenge_quest	researchlab.mrs
Z	129714774740000000	2012-01-19	20:11:14	2889049	2885366	Sound/Effect	fx2.mrs
Z	129714774740000000	2012-01-19	20:11:14	2818318	2817997	Sound/Effect	nar.mrs
Z	129714774780000000	2012-01-19	20:11:18	2740368	2735573	Sound/Effect/quest	goblin.mrs
Z	129714774760000000	2012-01-19	20:11:16	1388871	1387999	Sound/Effect/quest	golem.mrs
Z	129714774760000000	2012-01-19	20:11:16	1421297	1419140	Sound/Effect/quest	lizard.mrs
Z	129714774760000000	2012-01-19	20:11:16	3650459	3634075	Sound/Effect/quest	Palmpoa.mrs
Z	129714774760000000	2012-01-19	20:11:16	4697874	4691760	Sound/Effect/quest	skeleton.mrs
Z	129714774740000000	2012-01-19	20:11:14	19614090	19579783	Sound	effect.mrs
Z	129714774420000000	2012-01-19	20:10:42	363902	361339	/	system.mrs
Z	129715304510000000	2012-01-20	10:54:11	46469	30354	/	uninst.exe
Z	129973759926918339	2012-11-14	14:13:12	38143011	37751108	/	Update1.mrs
Z	129998853932217514	2012-12-13	15:16:33	15170559	14978615	/	Update2.mrs
Z	129998853900717470	2012-12-13	15:16:30	598182	570113	/	Update3.mrs
Z	130021168047474174	2013-01-08	11:06:44	14808351	14624140	/	Update4.mrs
Z	130165583633061382	2013-06-24	14:39:23	19174948	18972292	/	Update5.mrs
Z	130215556369423612	2013-08-21	10:47:16	33274495	32850409	/	Update6.mrs
Z	130265908536972575	2013-10-18	17:27:33	33366781	32942310	/	Update7.mrs
Z	130265908450197612	2013-10-18	17:27:25	185344	109417	/	xprotect.dll
Z	129762157488125000	2012-03-14	16:22:28	277504	269985	/	XPva03.dll
Z	130265908466028518	2013-10-18	17:27:26	23040	10839	XTrap/backup	psapi.dll
Z	130265908465768503	2013-10-18	17:27:26	308	533	XTrap/backup	xdatafi0.xtp
Z	130265908465558491	2013-10-18	17:27:26	1242992	1013024	XTrap/backup	xtrap.xt
Z	130265908460818220	2013-10-18	17:27:26	45056	14877	XTrap/backup	xtrapext.dll
Z	130265908459868165	2013-10-18	17:27:25	1340392	1290529	XTrap/backup	xtrapva.dll
Z	129714774780000000	2012-01-19	20:11:18	23040	10825	XTrap	psapi.dll
Z	129714774780000000	2012-01-19	20:11:18	308	519	XTrap	XDataFI0.Xtp
Z	130265908457308019	2013-10-18	17:27:25	1263920	1035780	XTrap	XTrap.xt
Z	129714774780000000	2012-01-19	20:11:18	45056	14863	XTrap	XTrapExt.dll
Z	130265908452717756	2013-10-18	17:27:25	1404184	1352221	XTrap	XTrapVa.dll
